Input:
 0.475611 -0.895203  1.669757  0.508274  0.114215 -0.303606  0.006944 -0.989858 -1.879584  1.384463 
 1.939812 -1.214737 -1.013203  0.511938  0.263535 -0.292406  0.128289  1.863672 -0.524513 -0.159155 
 1.145406 -1.554289  0.021845  0.339631  0.386011 -0.353077 -1.318361  0.136071 -0.283818  0.756273 
-0.637904 -0.906624 -1.514733  0.743526 -0.396598 -0.893152 -0.691629 -1.162018  1.060891 -1.140256 
 1.777514 -1.273686  1.188706 -1.780979  0.305904  0.158482  1.685568 -0.358868 -1.104351 -0.012507 
 0.090018  0.978538 -1.031643  0.126573 -1.076248 -0.923634 -1.207308  0.785065  0.776922  1.389251 
-0.225299  0.717145  0.891442  0.977769 -0.967860  0.228782 -0.342395 -0.702351  0.729220  1.334298 
 0.047654 -0.227869  1.743024 -0.496342  0.500140 -0.889157  0.634203 -1.193940 -0.239880 -0.985921 
-0.316062  0.754804  0.558718 -0.682860  2.450174 -0.260428 -0.292036  2.982592 -0.373146 -0.772967 
-0.598913 -2.301251 -1.310552 -0.072191 -0.409915  0.394939  0.020844 -0.856831  0.128417 -1.387511 

-0.553535 -0.269890 -1.115788  0.349885 -1.474718  1.272869 -0.500797  0.491932 -0.527709  0.215076 
-0.091372  0.618135 -0.584872  0.789156 -0.495589 -0.354397  1.511344 -0.066731  0.021349  1.466247 
-1.670130  0.246761 -0.203237  0.865262 -0.027528  0.780291 -0.202146 -0.710432 -0.179536 -0.784552 
-1.295463  0.384915 -0.746085  0.813932 -0.815365 -2.218992  1.807384  0.438208  1.215178 -3.981057 
-0.575809  0.024887  0.392053  0.528175 -0.207338 -1.814896  0.373267  0.951777  0.886755  0.606087 
 0.511857  1.298123  1.501424 -1.904904  1.442141  2.050987 -0.494801 -0.705480  1.085132  1.069086 
-0.809385  1.385216  1.383276  0.781849  1.410978  0.809660  1.661475 -0.280624  1.981919 -0.065165 
 1.793270  1.068910  0.181868 -0.102615  0.655295 -0.485158  1.224213  0.804445 -0.216237  0.820696 
 0.080447  0.060452  0.842512 -1.455465  0.636692  0.795628  0.101013  0.232315  0.222518 -0.001781 
-1.888734 -0.920398  1.051012 -1.283952  1.261390  0.875333 -1.311716 -0.778855  0.732199  0.041296 

-0.472451  0.598838  1.150604  0.033848  1.900131  0.313214  0.132208  0.596129  0.138081  0.732615 
 0.292346 -2.060130  0.027009  0.274861  0.900876 -1.220149 -0.722949  1.609809 -0.122803 -0.217905 
 1.192803 -0.124485 -0.270149 -0.435189 -0.425634  0.393331  0.301005 -0.664998  0.905054  0.508832 
 0.142044 -0.648830  0.628705  0.103508 -1.505827 -0.355787 -0.189095 -1.425339  0.967513  0.200445 
 1.569863  1.043183  0.344122 -1.213195  2.340906  1.052301  0.962269  0.313990 -1.082331  0.311230 
 0.297939 -0.470245 -0.480546  1.491754 -0.910859  0.615947 -0.796829 -0.848261  0.772072  0.158535 
-0.192236  0.545232 -0.992575 -0.225265  0.493971  0.071024 -0.651033 -1.104774  0.185587 -0.337355 
-1.205180  1.149822  0.463292  1.066957 -1.087701  0.270255 -0.640212 -1.305329  1.575602  1.977328 
 2.554374  0.486008  0.737103 -0.859378 -0.243867 -0.206726  1.282073 -1.428403  0.083934 -0.587139 
 1.899772  0.937937  0.119360 -0.426899 -0.321618  0.891674 -0.594598  0.400523  1.188177 -0.810009 

***** Testing conv layer ******
*** Step 1: init conv layer ***
Conv_i(3,10,10)_o(5,6,6)_k3_s2_p2:
------------- w -------------
w0:
 0.049455  0.398603  0.051034 
-0.928226  0.119166  0.498817 
 0.309225 -0.208867  0.809139 

-0.015242  0.297800 -0.465930 
-0.762147  0.897720  1.139340 
 0.827232  0.568215  0.154385 

 0.101881  0.401302 -0.548684 
 0.216847  0.527926 -0.109205 
-0.854687 -0.153385 -0.597580 

w1:
 0.100204  0.504592  0.097052 
-0.243121 -0.924806  0.528767 
-0.286437  0.618378 -0.658636 

 0.264918 -0.203838 -0.076676 
 0.767703  0.805076  0.400281 
 0.253558 -0.192672 -0.631796 

-0.197277  0.257162 -0.497794 
 0.776372 -0.499592  0.021439 
 0.109108  0.424482 -1.211923 

w2:
 0.342549  0.859090 -1.162071 
-0.160067 -0.458415  0.687593 
 0.177529  0.451722  0.936758 

-0.687826  0.339546  0.160575 
 0.285151 -0.476786 -0.065391 
-1.208076 -0.287926  0.603231 

-0.112551 -0.179739  0.279308 
 0.397527 -0.985307 -1.605506 
-0.473407 -0.135019 -0.011295 

w3:
-0.166486  0.042853 -0.226611 
 0.686210 -0.507194 -0.147984 
-0.544607  1.075665  1.419302 

 0.122110  0.008999  0.818939 
 0.327300 -0.791662  0.218099 
-0.515574  1.364335  1.103120 

-0.519017  0.000746 -0.042742 
 0.248307 -0.491178 -0.531178 
 0.592202 -0.594411  0.751448 

w4:
 0.217246  0.460692  0.711869 
-0.375631  0.425450 -0.366269 
 0.282151 -0.137483  0.144428 

-0.149727 -1.464415  0.128347 
-0.993496 -0.065318 -0.838131 
-0.243660 -0.578130 -0.523444 

-0.874630 -1.331773 -0.711179 
 0.349144  0.032852 -0.333047 
-0.538551 -1.331348  1.126470 

----------------------- b -----------------------
 0.000000  0.000000  0.000000  0.000000  0.000000 
--------------------------------------------------

*** Step 2: forward ***
Output:
 0.581705  0.525965 -2.573373 -2.220700 -1.815119 -1.415099 
 1.329144 -5.174188  3.082073  1.602123 -2.513239  0.773677 
-1.216294 -0.648940  2.556272 -2.257992  0.116175 -3.335730 
-0.099193  3.244073 -0.434069  1.481239  5.210182  1.392628 
 0.899861 -0.532967  1.260731  1.134200 -5.903479  3.041556 
-4.113278  2.321566 -0.675873 -1.394793  1.660803 -1.533039 

 0.609041 -2.364766 -1.820714 -0.347757  0.835636  1.545308 
 0.174377 -0.248963 -1.129675  0.659460 -3.598872  2.942163 
-3.916849 -3.901318 -5.061715 -4.013255  4.873257  0.023956 
 0.586797  0.261201 -4.166988  2.565479 -2.924514  2.036613 
-2.085297  1.683314 -1.191104 -1.437487  3.738197  2.307117 
-2.340378  0.421418  0.921033 -0.373201 -0.382157  2.638797 

 0.116959  1.447363  0.419903  0.059300 -2.206229  0.703011 
 0.148896  0.001067  0.502276  2.238760 -0.931944  0.700976 
-0.548002 -0.406518  0.833321  3.875749  0.005101  2.023773 
-2.866625  0.503519 -1.215153 -4.334514  1.095045 -3.223763 
 1.652182 -0.753448  4.971502  0.250153 -2.925495 -1.878225 
-2.244735 -0.456965 -2.435769  1.101298  0.965464  1.225595 

-0.290603  0.063125  1.314433  2.604012 -3.561293  2.724659 
-0.323522  0.523475 -2.891197 -1.503865 -0.660955 -0.894063 
 1.125443 -1.182706 -0.632341  4.256939 -0.694418  4.710554 
-2.358473  3.356675  1.612508 -0.615520  1.205325  0.548020 
 1.980291  4.141035  5.249418  2.844921  7.471832 -1.231086 
-1.304094  0.539238  0.804566 -1.366529 -0.411092  1.703860 

-0.173766  2.126685  2.734984 -1.330830 -0.728879 -1.766156 
 2.255553 -0.166758 -1.269626 -4.823908 -2.385231 -1.992208 
 3.351362 -0.237232  7.839690 -3.924756 -6.195845 -2.200976 
-0.311621 -6.205689 -3.268544 -3.917546 -1.987554 -1.381520 
 1.543048 -5.760487 -0.231499 -2.329703  0.393449  1.989982 
-0.861630 -1.285278  3.040159 -1.247821  1.170302 -0.739802 

Loss:
-0.378872  1.199242 -2.186707 -0.526999 -1.737841  1.918800 
-0.030313  1.456897 -0.690176 -0.751410 -0.953534  0.409029 
 2.219504  0.653372  0.763354 -1.749380 -1.706235 -0.450950 
-2.327719  0.020379  2.088764  1.789828 -1.348121  1.851442 
 0.074729 -0.900240  1.714832 -0.225539 -0.287089 -1.368013 
-1.015079 -0.371597  0.194886  0.275503  0.512886  1.957382 

 0.148706  0.567107  0.598747 -1.376555  0.279777  0.838921 
 0.232670  0.968980  0.819850  0.097635 -0.813881  1.229297 
-0.190331 -0.185275  1.857196  1.368559 -0.166875  0.629258 
-1.102515 -0.901160 -1.120609 -1.066767  1.354936  0.078615 
 0.154398  0.879451  1.576334 -1.055342  1.302128 -0.085759 
 0.074262 -0.815292  0.008186  1.640156 -1.279859  1.092527 

 1.113008 -1.474304 -0.172994 -0.047137  0.146090 -0.395916 
 0.870006  0.772153 -0.161321 -0.847333 -0.906062  0.867351 
 0.916540 -0.099770  0.188534 -1.010583  1.999101  2.365087 
-0.200350  0.693211 -2.382526 -0.180276  1.044361  0.032816 
-0.351215  0.404275  0.121740 -0.278832 -0.098264  1.268982 
 0.277050  0.987554 -0.326397 -0.301310 -0.271287  1.009599 

-0.853758 -0.039082  0.172454 -0.945787 -0.293394 -0.172556 
 0.654736  0.304657 -0.230936  1.850803 -1.030005  0.201407 
 0.948871  0.294565 -0.067347 -1.141337  0.661896  1.179906 
 1.652561  1.116696  0.992706  0.500195 -0.144436  0.726562 
 0.269449  0.458224  0.003025 -0.676567 -0.009886  0.402141 
 2.838856 -0.670672  0.281920  1.159335  3.293245 -2.326749 

-0.276459  1.616685  0.941223  0.031185  0.303617 -0.072223 
 0.245168  0.120375  0.173637  1.592863  0.395757  0.658688 
 1.927357  0.381706  2.043068  1.036366  0.943513  0.087761 
 0.474724 -0.369101 -0.146069 -0.171507  1.074341 -1.021222 
 0.365325 -0.315777  0.599674  1.009506 -2.306840  1.595955 
-0.829859 -0.877492  0.810728 -0.784009  0.178255  1.735205 

*** Step 3: backward ***
Back-prop delta:
-0.744200  0.971446 -1.956277  0.875029 -1.070178 -1.949142  0.240751 -1.186323  0.520693  1.604017 
-1.028231 -1.179779  1.924288 -0.575493  1.429974 -0.052438 -1.390577  1.745193 -2.448113 -1.307639 
 1.980139  1.224563  2.491369  2.647686 -0.932145  1.160020  4.733658 -0.459634 -3.715639  3.453211 
 0.303634  0.307934 -2.027972 -0.809625  1.034454  0.008951  0.349609 -0.899708  0.655427 -2.280975 
 4.442144 -0.004982 -1.048791 -1.083577  1.809069 -0.652308 -4.306793  3.270758  0.574525  3.175304 
-1.306120 -0.205368 -0.568720  1.811801 -2.247736  0.955815  0.445679 -1.362118 -0.470795 -0.670105 
 1.407400  1.309954  2.408303  0.742349  2.735162 -0.979197  3.094486  0.683158 -1.958569  1.852748 
 0.693899 -1.472681 -1.875861 -1.055664  1.219608  1.849575 -0.306511 -2.169812  2.088156 -0.190395 
-2.173577  1.306688 -1.746821  0.779384  2.005301 -1.230928 -2.690557  0.676118 -0.556785  3.917602 
-0.138268  0.223828  0.241502  0.367214  0.022238 -2.267434  2.984512 -0.225375 -5.652627  0.678419 

 2.691220  0.333671 -3.797910 -2.300719 -0.697080 -4.176392  0.398203 -2.673787  0.762650  0.051936 
-0.227158  1.470788  2.824152  0.288854 -1.214236 -1.761208 -2.579744 -0.289680 -1.618435  0.740861 
 1.439191  0.407014  0.280711 -3.998871 -1.453961 -1.268583 -0.654375 -2.929246 -1.715365  0.062406 
 0.032757  0.226825 -0.732975  2.010439  0.566324  0.849032 -1.475183 -3.204839 -0.987757 -1.965684 
 3.449781  1.592593  3.185598 -0.987087 -2.203642 -2.178148 -8.896647 -3.053007 -1.492991  2.549111 
-2.895227 -1.897657 -2.491510  1.332558  0.525610  0.449106  3.127669 -0.573174 -2.082820  1.201234 
 0.492296  1.879014  7.231487  2.880151  0.837608  0.624891 -0.259680  0.847852 -1.120362  0.316538 
 1.862738 -0.635023 -0.992353  2.708899  0.132664 -0.449486  1.824208  0.995943  2.016516 -2.324772 
 0.528706  1.680178  1.612635 -0.946099  0.104830 -0.547269  0.729017  1.024552 -1.455633 -3.359175 
 0.760956 -0.872553 -1.173620  0.061025  1.750271  0.844845  1.350051 -3.059389 -2.192012  3.884044 

-2.529901 -1.338328  0.605310 -1.011236 -1.023764 -2.220546  1.686508 -0.821156 -1.146246 -0.238724 
-0.325095 -0.621455 -1.153942 -0.495866  1.008516 -0.467327 -1.385464  1.314880  3.624552 -1.330104 
-3.545641 -0.533400 -3.803683 -1.589147 -2.654386 -4.499189  1.630768 -2.334526  0.129576 -1.214935 
-2.699302  0.403654  2.180221 -0.610412 -0.631034 -0.016882  2.892895 -3.081238 -2.038079 -3.459438 
 2.422459 -0.704440 -0.032316 -0.860646 -0.458113  0.989482 -1.702108 -3.539788  3.029955  1.316641 
-0.754915 -0.782677 -2.773426  3.517687  2.646942  1.404152  1.376529 -2.311401 -1.482127  0.515395 
 4.162536 -0.438508  1.080467 -0.596954 -2.887373 -2.428726  2.179393  2.605944 -1.102685 -2.251595 
 0.946037 -1.548404  1.184066  0.016044 -1.344877  1.048386  0.574582 -0.776201  1.788864 -2.074795 
 3.695223  1.236680 -1.478403 -1.351030 -3.961817  0.313915  1.642503  3.377630 -4.501050 -3.789355 
-2.357791 -0.461314 -0.642001  0.308558  1.310638 -0.972275  0.023828 -0.434239  0.245531  0.692621 

Conv_i(3,10,10)_o(5,6,6)_k3_s2_p2:
------------- w -------------
w0:
-0.047325  0.872905 -0.799685 
-1.417752  0.171712  1.499199 
 0.497050 -0.482849 -0.239986 

-0.267946  0.612360 -0.217637 
-1.212318  0.160866  2.010748 
 0.104213  0.608015 -0.389804 

 0.372145  0.674233 -0.943583 
-0.257261  0.407557  0.992542 
-0.142959 -0.016807 -0.634373 

w1:
-0.382467  0.445109  0.547399 
-0.397719 -0.827674  0.000615 
-0.311078  0.735110 -1.635419 

 0.072164 -0.914588 -0.345144 
 0.668207  0.576740  0.944009 
 0.194697  0.624910 -0.571244 

 0.830310  0.250235 -0.196447 
 0.715604  0.148916  0.091194 
-0.655675  0.802661 -1.905123 

w2:
 0.908290 -0.014854 -1.536892 
-0.506086  0.506792  0.124705 
 0.365502  0.904545  0.706654 

-0.793632  0.821936  0.082592 
 0.174596 -0.595197  0.353338 
-1.319253 -0.602031  0.541427 

-0.483888 -0.572432  0.627553 
-0.550621 -0.382824 -2.265274 
-0.649024 -0.017774  0.640139 

w3:
-0.617729 -0.909477 -1.138460 
 0.643669 -0.482941 -0.073367 
-0.697635  0.904055  1.645328 

 0.381569 -0.062118  1.115725 
 0.148094 -0.702681  0.371017 
-0.968316  0.747306  0.924338 

-1.454619  0.341745 -1.579342 
 0.271339 -0.590641 -1.265878 
 1.029251 -0.714318  0.808456 

w4:
 0.151697  0.181092  0.830986 
 0.245794  0.674224 -0.562930 
-0.661871  1.603150 -0.629937 

 0.090219 -1.916994  0.915734 
-0.589032  0.401014 -1.547130 
-0.150986 -0.500489 -0.150493 

-1.367643 -1.267253 -0.466983 
 0.003762  0.141996  0.485008 
-0.627723 -1.485059 -0.366876 

----------------------- b -----------------------
-0.009502 -0.763748 -0.557158 -1.136170 -1.317212 
--------------------------------------------------

***** Testing pooling layer ******
*** Step 1: init pooling layer ***
Pooling_(3,10,10)_2

*** Step 2: forward ***
Output:
 1.939812  1.669757  0.263535  1.863672  1.384463 
 1.145406  0.743526  0.386011  0.136071  1.060891 
 1.777514  1.188706  0.305904  1.685568  1.389251 
 0.717145  1.743024  0.500140  0.634203  1.334298 
 0.754804  0.558718  2.450174  2.982592  0.128417 

 0.618135  0.789156  1.272869  1.511344  1.466247 
 0.384915  0.865262  0.780291  1.807384  1.215178 
 1.298123  1.501424  2.050987  0.951777  1.085132 
 1.793270  1.383276  1.410978  1.661475  1.981919 
 0.080447  1.051012  1.261390  0.232315  0.732199 

 0.598838  1.150604  1.900131  1.609809  0.732615 
 1.192803  0.628705  0.393331  0.301005  0.967513 
 1.569863  1.491754  2.340906  0.962269  0.772072 
 1.149822  1.066957  0.493971 -0.640212  1.977328 
 2.554374  0.737103  0.891674  1.282073  1.188177 

Loss:
 2.090823 -1.497998  1.863745  1.132149 -0.759635 
-1.115126  1.150078 -1.168068 -1.081367  0.828153 
-0.273946 -0.310661  0.221726  2.080438  0.083290 
 0.546762  0.874165 -0.447533 -2.648084 -0.316558 
-0.128857 -1.289026 -0.005923  0.009655 -1.475976 

-1.956731 -0.286215  1.765959 -0.121108  0.114445 
 0.658347  0.173711 -3.278735  2.052333  0.020326 
 0.691331  0.504491 -1.195682  0.310809  0.532273 
 0.960433  0.369365  0.023691 -0.400423  1.015893 
-1.120558 -0.537373 -0.745231 -0.742554 -0.256237 

-0.749897 -0.803423  1.231901  0.551948  1.909956 
 0.192548  0.974679  0.107232 -0.891056 -0.997253 
 1.357544  1.441144 -1.653429  1.088667  0.004859 
-0.212462 -0.443117  1.188667 -1.574594 -1.371334 
-1.003573 -1.560135  0.174138  1.382038  0.006406 

*** Step 3: backward ***
Back-prop loss:
 0.000000  0.000000 -1.497998  0.000000  0.000000  0.000000  0.000000  0.000000  0.000000 -0.759635 
 2.090823  0.000000  0.000000  0.000000  1.863745  0.000000  0.000000  1.132149  0.000000  0.000000 
-1.115126  0.000000  0.000000  0.000000 -1.168068  0.000000  0.000000 -1.081367  0.000000  0.000000 
 0.000000  0.000000  0.000000  1.150078  0.000000  0.000000  0.000000  0.000000  0.828153  0.000000 
-0.273946  0.000000 -0.310661  0.000000  0.221726  0.000000  2.080438  0.000000  0.000000  0.000000 
 0.000000  0.000000  0.000000  0.000000  0.000000  0.000000  0.000000  0.000000  0.000000  0.083290 
 0.000000  0.546762  0.000000  0.000000  0.000000  0.000000  0.000000  0.000000  0.000000 -0.316558 
 0.000000  0.000000  0.874165  0.000000 -0.447533  0.000000 -2.648084  0.000000  0.000000  0.000000 
 0.000000 -0.128857 -1.289026  0.000000 -0.005923  0.000000  0.000000  0.009655  0.000000  0.000000 
 0.000000  0.000000  0.000000  0.000000  0.000000  0.000000  0.000000  0.000000 -1.475976  0.000000 

 0.000000  0.000000  0.000000  0.000000  0.000000  1.765959  0.000000  0.000000  0.000000  0.000000 
 0.000000 -1.956731  0.000000 -0.286215  0.000000  0.000000 -0.121108  0.000000  0.000000  0.114445 
 0.000000  0.000000  0.000000  0.173711  0.000000 -3.278735  0.000000  0.000000  0.000000  0.000000 
 0.000000  0.658347  0.000000  0.000000  0.000000  0.000000  2.052333  0.000000  0.020326  0.000000 
 0.000000  0.000000  0.000000  0.000000  0.000000  0.000000  0.000000  0.310809  0.000000  0.000000 
 0.000000  0.691331  0.504491  0.000000  0.000000 -1.195682  0.000000  0.000000  0.532273  0.000000 
 0.000000  0.000000  0.369365  0.000000  0.023691  0.000000 -0.400423  0.000000  1.015893  0.000000 
 0.960433  0.000000  0.000000  0.000000  0.000000  0.000000  0.000000  0.000000  0.000000  0.000000 
-1.120558  0.000000  0.000000  0.000000  0.000000  0.000000  0.000000 -0.742554  0.000000  0.000000 
 0.000000  0.000000 -0.537373  0.000000 -0.745231  0.000000  0.000000  0.000000 -0.256237  0.000000 

 0.000000 -0.749897 -0.803423  0.000000  1.231901  0.000000  0.000000  0.000000  0.000000  1.909956 
 0.000000  0.000000  0.000000  0.000000  0.000000  0.000000  0.000000  0.551948  0.000000  0.000000 
 0.192548  0.000000  0.000000  0.000000  0.000000  0.107232 -0.891056  0.000000  0.000000  0.000000 
 0.000000  0.000000  0.974679  0.000000  0.000000  0.000000  0.000000  0.000000 -0.997253  0.000000 
 1.357544  0.000000  0.000000  0.000000 -1.653429  0.000000  1.088667  0.000000  0.000000  0.000000 
 0.000000  0.000000  0.000000  1.441144  0.000000  0.000000  0.000000  0.000000  0.004859  0.000000 
 0.000000  0.000000  0.000000  0.000000  1.188667  0.000000  0.000000  0.000000  0.000000  0.000000 
 0.000000 -0.212462  0.000000 -0.443117  0.000000  0.000000 -1.574594  0.000000  0.000000 -1.371334 
-1.003573  0.000000 -1.560135  0.000000  0.000000  0.000000  1.382038  0.000000  0.000000  0.000000 
 0.000000  0.000000  0.000000  0.000000  0.000000  0.174138  0.000000  0.000000  0.006406  0.000000 

****** Testing dense layer ******
*** Step 1: init dense layer ***
Dense_3_10:
--------------- w ---------------
|  0.124269 -0.444981 -1.065090 |
|  0.760112 -0.229526  0.038767 |
| -0.163875 -0.108512 -0.159787 |
| -0.800001  0.093339  0.821990 |
|  0.343772  0.402491 -0.131889 |
| -0.519562 -0.640741 -0.180894 |
| -0.083656 -0.212901 -0.472201 |
| -0.252115  0.302349 -0.450287 |
|  0.726473 -0.403115 -0.242288 |
| -0.746927 -0.746238  0.005436 |
---------------------------------
-------------------------------------------------- b --------------------------------------------------
|  0.000000  0.000000  0.000000  0.000000  0.000000  0.000000  0.000000  0.000000  0.000000  0.000000 |
-------------------------------------------------------------------------------------------------------

*** Step 2: forward ***
Output: -1.320989  0.631721 -0.247607  0.908478 -0.417032  0.024436 -0.637659 -1.142443  0.301826  0.321865 

Loss: -1.735967 -0.730530 -0.214357 -0.771451 -0.185969 -0.827517 -0.078350 -0.367830  0.789386  1.171338 

*** Step 3: backward ***
Back-prop delta:  0.045149  0.059933  1.412721 

Dense_3_10:
--------------- w ---------------
|  0.206833 -0.600386 -0.775226 |
|  0.794857 -0.294923  0.160748 |
| -0.153680 -0.127701 -0.123995 |
| -0.763310  0.024278  0.950804 |
|  0.352617  0.385843 -0.100837 |
| -0.480204 -0.714821 -0.042718 |
| -0.079930 -0.219915 -0.459118 |
| -0.234621  0.269421 -0.388868 |
|  0.688928 -0.332449 -0.374096 |
| -0.802637 -0.641379 -0.190149 |
---------------------------------
-------------------------------------------------- b --------------------------------------------------
|  0.173597  0.073053  0.021436  0.077145  0.018597  0.082752  0.007835  0.036783 -0.078939 -0.117134 |
-------------------------------------------------------------------------------------------------------

