Input:
 0.366515  1.017761 -0.486292  0.122122  0.249032  0.344225 -0.347308 -0.434254  1.851820 -0.116508 
-0.963418  1.406521  0.263635 -0.326114  0.227865 -0.449543 -0.437254  0.265875 -0.039422  0.928829 
 1.107047 -0.199604 -0.129589  2.717725  1.186055 -0.378830  0.583691 -0.868683 -0.443895  0.583408 
-0.722192 -1.108551  0.186657  1.521055  0.163486 -1.402130  0.031675 -0.060462  2.218442 -0.191245 
-1.796195  0.271993 -0.641841  1.125110  0.721094  0.324135  0.356183  1.505487 -0.318761  2.784433 
 1.849419  1.305271 -0.583246  0.402609 -1.117234 -0.645011  1.992636 -0.563072  0.718102  0.922773 
-1.125779  0.402851  0.744275 -0.268263  1.113919 -0.483904  1.693563  0.369065 -1.527035  0.156303 
 1.017499  0.761089  0.283333 -0.313187 -1.129077 -0.603141 -0.364734  0.110986 -0.526200 -0.490249 
 0.795508 -2.163342  0.404823 -0.411534  1.295541 -2.009717 -0.745362 -0.499699 -0.540381  0.707451 
 0.654771 -1.498142 -0.313675 -0.751577 -1.108807 -0.337021  1.179761 -0.554782  0.663986  0.656386 

 2.606242 -0.063336  1.340011  1.263592  0.110677  0.432949  0.401854 -0.662388  0.359680  1.111728 
 0.423927  1.490149  0.806691  0.991675 -0.053530 -0.032222 -1.930034 -3.060506 -1.101982  0.628888 
-1.634243  0.348058 -1.035207 -0.377732  0.978381  1.488310 -1.924536 -0.897190 -0.808813  1.707646 
 0.306227  1.443935  0.059502  1.221328  0.862600  0.252119  0.806319  0.375936 -1.149594  1.302537 
-0.948777 -0.013486  0.298547 -1.492866 -0.102545 -0.872226  0.688898  1.433912 -0.196704 -0.056609 
 0.852944  0.930304 -0.517366  0.103985  0.366170 -0.615276  0.892435 -1.015645 -2.125493 -0.325100 
 0.456473  0.577705 -0.832868  0.291007 -1.123142  0.886812  1.000490 -0.017672  0.892898  0.038068 
-1.892223  0.480439  0.971425 -0.971540 -0.691376  0.709487 -1.130080  0.284151 -0.246122  0.056959 
-0.207445 -1.651437  0.944676 -0.108756  0.346525  2.266681 -1.140431  0.425438 -0.623291  0.297788 
 0.144880 -0.236584 -0.696305 -0.677478 -0.044765  1.009351 -1.351574  1.133306  0.914043 -1.894068 

 0.105429 -0.954184 -0.879989  1.064527  0.222052  0.351359  0.892579 -0.909858  1.535949  1.564479 
-0.484173  2.064813 -1.359180  0.131811  1.255715 -0.409744  1.620641  0.610220 -0.470664 -0.166427 
 0.600834 -0.784039 -0.638863  0.806367 -0.514540 -0.204533  0.226152  0.409790 -1.207455  0.011756 
-0.542375  1.924120  0.931869  0.390694  0.670464 -0.738706 -0.934611 -0.516699 -1.095588  1.265192 
 2.034612  1.344160  1.835618 -1.228754  0.541748  0.473774 -1.140612  1.229454  1.330942 -0.830431 
 0.763323 -1.338234 -1.184030 -0.631364  0.919383  0.316611  0.218126  1.122792 -0.321643 -0.659459 
 0.420631  0.910701 -0.096668  0.472488 -0.730962 -0.926811 -0.339092  0.678062 -1.669814 -0.799154 
 0.929643 -0.053399  1.218556  1.190543  0.750494 -0.211876  1.408361  0.697205 -0.387720 -2.012495 
-1.545014  0.355102 -1.518907 -0.493599 -2.460979 -0.232272 -0.829189 -0.131778  1.427045 -0.873257 
 1.845877 -1.517301  2.734047 -0.019046 -0.576757  1.979915  1.704670 -0.532799 -0.275232 -0.454600 

***** Testing conv layer ******
*** Step 1: init conv layer ***
Conv_i(3,10,10)_o(5,6,6)_k3_s2_p2:
------------- w -------------
w0:
 0.409071 -0.101727  0.937299 
-0.573908  0.279532  0.145431 
-0.887676 -0.449821 -1.107728 

-0.013794  0.126458  0.420433 
-0.168559 -0.710523 -0.000930 
 0.607739 -0.564383  0.219134 

-0.120899  0.719355  0.813290 
-0.575074 -0.801852 -0.012976 
 0.461279 -0.260452 -0.763954 

w1:
 0.446535  0.363205  0.257552 
-0.083957 -0.226657  0.161439 
-0.062289  0.834383 -0.274306 

 0.130685  0.408904 -0.193951 
-0.848900 -0.139459  0.334641 
-0.307189  0.682125  0.356326 

-0.111306 -0.143301 -0.346074 
-1.340133 -0.185199 -0.030689 
 1.358466  0.699259 -0.300469 

w2:
 0.643081 -0.802544  0.629642 
 0.048054 -0.332870 -0.177321 
-0.665989  0.583643 -0.267894 

-0.012537 -0.922061  0.438426 
 0.129232  0.366708  0.290567 
-0.814424  0.009688  0.139280 

-0.033844 -0.395370 -0.239561 
-0.373836  0.938364  0.313297 
 0.096431  0.536700 -0.270134 

w3:
 0.627223  0.436614  0.885698 
 0.534586 -0.227639 -0.353115 
 0.214792  1.069097 -0.432525 

-0.535783  0.002855  1.267351 
 0.479176  0.139069  0.877574 
-0.352674  0.557202  0.434345 

-0.435659  0.240451 -0.605698 
 0.158440 -0.429221 -1.171981 
-0.169312 -1.006771  1.021879 

w4:
-1.254686 -0.163556 -0.170986 
 0.562027 -0.065269  0.373374 
 0.257101  0.142250  1.007834 

-0.536511  0.120449  0.269596 
-0.031383 -0.140189  0.796749 
 0.377535  1.042186 -0.238494 

-0.515592  0.756269 -0.602483 
-0.505447  0.043379  0.229438 
-0.363870  1.087519 -0.305060 

----------------------- b -----------------------
 0.000000  0.000000  0.000000  0.000000  0.000000 
--------------------------------------------------

*** Step 2: forward ***
Output:
 0.084575  2.638247 -0.626460 -0.751176 -1.375490 -1.699228 
-0.652627 -4.007404 -1.862018 -2.338540  4.035597  0.386269 
 0.968357 -2.496515  1.023535  0.346167 -3.315970 -2.529107 
 0.856269 -0.156279 -1.429054 -2.983561  2.021225  1.216722 
-0.129854  0.764138 -0.433212  0.366112 -3.480382  1.481890 
-0.526995 -0.253144 -1.774323 -1.978446 -1.650412  0.469446 

 0.796456  0.333844  0.035828  1.050638 -1.180973  3.615798 
-1.512909  1.338036  3.646245 -3.795199 -1.220227  2.488814 
-0.060022  5.082935  0.386860  1.958740  1.260781  6.216518 
-0.077076 -3.024884  1.437652 -1.538251  0.222401  0.074401 
-0.849431 -3.558263 -4.620295 -3.392382 -1.732176  3.402626 
 0.877348 -2.930803 -1.486269  1.602917 -1.638668 -0.241006 

 0.236331 -1.720603 -0.308762  0.066992 -1.619000 -0.595683 
 0.803989  2.458366  2.567385 -4.045345  1.278114  0.582431 
-0.316848  6.429559 -0.502931 -0.680245  0.809602  1.493970 
-1.623758 -3.656772  1.027756  0.621805 -3.622568 -3.475340 
-0.873105 -3.054434  0.094158 -0.099202  0.961248 -1.445563 
 1.284362  3.776057  1.342450  2.185017 -1.924809 -1.971789 

 1.081217  1.048276 -0.497874  1.469244  0.640049 -1.069322 
 4.268782  2.058725  0.483024 -3.202894 -4.586560  1.909622 
 2.148764 -0.992684  5.829857 -0.293017  2.973263  4.643427 
-3.709786 -0.720889 -3.752240  2.901263 -1.626612  0.316428 
-5.795746 -6.451685 -2.811331  0.058771  3.053715  1.353698 
-0.889914  0.861876  4.233147 -5.769880 -0.220832  0.004699 

-0.284348 -0.460342  3.349889  0.189143 -0.691967  2.896466 
 1.765590 -2.683598  3.961225  0.701735 -4.806708  0.017434 
-3.346637 -2.421392 -1.047571 -2.081714  4.299495  2.247496 
-1.001019  3.577785  0.537014  1.973737  0.003267 -0.936487 
 0.470245  2.242748  1.145661  0.433341 -2.831175  0.084953 
 1.522318  0.884806 -1.171252 -0.406052  1.683577  0.222954 


Loss:
 0.505250  0.508924 -1.446252 -0.290528 -0.668507 -1.049137 
-1.412235 -1.253496  0.181495 -0.713358 -0.070952 -1.396826 
 1.270541 -0.051723  0.449393  1.384764  0.714702  2.336437 
 0.007841  0.806452  2.137849 -0.854562  0.737285  0.554623 
 0.879554  1.345000 -0.726991 -0.746720 -0.525447 -1.325764 
-0.359983  0.345820  0.545517  1.734368  0.910132 -0.112942 

-0.312976 -1.500768  1.047252  0.823759  0.293926  1.755126 
 0.217436 -0.658931 -1.384604  0.105387 -0.036040  0.652148 
 0.096253  1.361748  1.221670  0.691721  0.526498 -0.315951 
 0.405528 -0.599969 -0.697542  0.130066  0.642795  0.041277 
-0.823028 -0.973723 -0.825860  0.461853  0.332334  0.243831 
-0.011219  0.786746 -0.941222 -2.064879 -1.467265  1.995870 

 1.279690 -1.640482  1.116343 -0.321854  0.957912 -0.972321 
 1.041050 -1.060563 -0.626953  0.617619 -1.661246  0.574305 
-0.260636 -1.018266 -1.486330 -0.897588 -0.863536 -0.207731 
 0.978211  1.477513 -0.006196 -1.179004  1.817633  0.385722 
-1.013749 -0.235282 -0.306491  1.105029  0.954350 -1.427454 
-0.040652 -0.574235 -0.505433  0.405523  0.529679  0.045904 

 0.300644 -0.843762  0.665961 -0.524078  0.416768 -1.345057 
 0.776941  0.833388  0.517709  1.432131  0.400777  1.041737 
-0.481068 -0.235509 -1.014309 -1.291623 -0.237702  0.573078 
 0.321312 -0.690521  0.874701  3.687679 -2.306124  0.222033 
 0.194623  0.574211 -1.174929 -0.505252  0.523445  0.142217 
-0.689864 -0.846890 -2.408186  0.972967 -0.244378  1.297389 

-0.869087 -0.378807  0.168390 -0.408969  1.219487 -1.440136 
-0.601141 -0.758063 -0.747427  0.660502 -0.517740  1.359093 
 0.330785 -0.082429 -1.300681 -1.531788  0.214088 -1.777992 
-2.071104  0.403713  0.176136  0.743264  0.175273  0.696673 
 0.081610  0.700043  1.125271  0.146989  0.540789  1.021514 
 0.925713  1.014162 -2.084934  0.738526 -0.248839 -2.006209 

*** Step 3: backward ***
Back-prop delta:
-1.203398 -2.167354  0.102662  3.241923  1.327662  0.144140  1.027225  3.311085  0.621428 -0.123369 
-0.110465  0.011755 -0.839293  0.504191  1.019207 -0.797999 -0.568158  0.483875  2.038845 -1.055288 
 2.584819  1.405909  1.226526  0.205031  0.596207  2.911643  1.349951  0.059839  4.514386  3.169996 
 0.234108  0.074833 -1.259892  0.659265 -2.048657  0.923085 -0.146241  0.408030 -1.511344  0.779462 
 1.183861 -1.551563  1.675683 -1.432464  0.242921  0.400528 -0.836080 -2.945674 -2.949120 -1.444074 
-1.477309  0.000436 -0.449067  0.547151  2.768271 -0.763874 -2.442950 -0.031111  0.975474 -0.078731 
-4.736838 -0.847276 -3.797455 -1.264152 -2.067179  2.965257 -2.135277 -1.626654 -2.809600  1.610601 
 0.135497  0.498587  0.614910  0.280006  0.905712 -0.575825  0.906594 -0.694333  1.147036 -0.049750 
-3.967497 -0.665536  0.060244 -2.339156  0.489732 -0.100895  3.134030  0.590598  7.799596  1.858180 
 0.367418  0.236084 -1.760673  1.218346  0.221600  0.548158 -0.865040  0.482535 -0.739571 -0.663623 

 3.323968 -1.730744 -3.273320  2.034302 -0.257454 -0.528436  1.115284  3.537069 -2.045221 -0.743290 
 1.636160  0.815784  0.935174  0.011008 -0.010758  0.825215  2.034604 -0.425436 -0.342913  1.066474 
 0.360674  1.400614  0.827437  0.223832 -2.101820  3.064233 -0.497252  0.810106 -1.181281  3.380927 
-1.592450 -0.547760 -1.862603 -0.993443 -3.457382 -1.374410 -3.184196 -0.960972  0.064522 -1.363254 
 0.667754 -0.727973  0.877626 -1.340881  1.290174 -1.502213  6.534917 -1.267288 -1.510576 -3.253952 
-0.727471 -0.100142  0.588065 -1.327033  2.295725  0.565340  1.984560 -0.292241 -1.135732 -0.325169 
 0.310545 -0.739273  2.548479 -1.026329 -1.278942  2.480785 -0.282523 -1.806237  0.181294  1.940351 
 0.487675 -0.924423  0.851902  0.198178 -0.869387  0.780504  0.313686  0.673945  1.147335  0.261096 
 0.416434  0.638604  2.123955  0.254212 -7.177114 -0.288352  1.514380  0.383816  2.017714  2.566152 
-1.121084 -0.825958 -0.285855 -0.484305 -2.280887 -0.763859  1.918809 -0.246911 -1.735354  0.280414 

-3.039827 -2.385786  0.175585  1.356860  2.312199  0.633241 -2.549234  2.116131  2.120016  0.719677 
 1.804913 -0.258634  0.998941 -0.732049 -1.003348  0.545992 -0.292042 -1.689766 -1.914208  1.149998 
 1.457549 -2.315652  1.747031 -3.177706  3.429859 -0.349678  4.171547 -0.980010  1.755035  2.158598 
-0.871566 -1.068714 -0.946313 -1.602378 -0.436857 -1.592801 -0.097736 -1.369589  0.178655 -2.332994 
 0.972891  0.787858  2.090558  1.529975  0.803953  0.557397 -3.398767 -0.511650  1.091620 -2.630697 
-1.083378  1.164802  1.130007 -1.958666 -0.026516 -1.995776 -6.932531  1.992803  2.447698 -0.155502 
 0.656122  3.165231 -0.998428 -1.451914 -1.860385 -4.274146  4.862119  3.477245 -5.420463  1.008009 
-0.156587 -1.335034  0.310863  1.001404  0.816959  1.773384  0.277212  1.054096  0.281717 -0.338292 
-1.736704 -0.047851  0.233033  0.425311  2.571013  3.954704  0.851591  1.351170  1.278093 -0.873259 
-0.672153 -0.554346  2.825557  0.205811  3.606536 -1.013345  0.529040  0.133074 -0.978874 -0.879890 

Conv_i(3,10,10)_o(5,6,6)_k3_s2_p2:
------------- w -------------
w0:
 0.944912 -0.186708  0.869707 
-1.756428  0.454104 -0.103688 
-0.766714 -1.267304 -0.783022 

 0.500147 -0.453645  1.847590 
 0.269686 -1.262595  0.175571 
 0.388286  0.605359 -0.279940 

 0.311410  0.753145  0.280723 
-0.347638 -0.932592 -0.343780 
 0.163752 -0.447662 -0.320416 

w1:
-0.043632 -0.257250  0.110061 
-0.095769 -0.178082  0.132843 
-0.017487  0.951874  0.253293 

 0.850027  0.941399 -0.465182 
-1.364936  0.470652  0.208676 
-0.287814  0.085120  0.607281 

-0.850174 -0.053367 -0.232485 
-1.252930  0.264884  0.193372 
 0.639001  0.163552 -1.480740 

w2:
 0.559903 -0.867743  1.508456 
-0.781310 -0.498896  0.224881 
-0.430022  1.302375 -0.034022 

 0.208698 -1.624027  0.218193 
 0.147240  0.186343  0.787854 
-1.525404 -0.730625  0.363866 

-0.343228 -0.994791 -1.231111 
-0.318984  1.093983  0.415018 
 1.352635  0.215888 -0.691417 

w3:
 0.600185  0.288447  1.577205 
 1.496064 -0.755585 -1.282553 
 0.319503  1.411938 -1.671349 

-0.815552  0.248990  0.520253 
 0.981564  0.075542  0.316459 
 0.987246 -0.071506  0.802212 

-1.674975  0.437698 -0.768276 
 1.164719 -0.687583 -1.584578 
 0.528279 -0.344495  0.537271 

w4:
-1.596467  0.418908 -0.126141 
 0.946802 -0.017933  0.451077 
 0.634182  1.167950  0.547806 

-0.360793  0.529709  0.351327 
 0.227813 -0.214702  1.588095 
 0.199448  0.474152  0.126346 

-0.886025  0.150859 -0.196484 
-0.431026  0.488431 -0.646235 
 0.959180  1.365920 -0.307668 

----------------------- b -----------------------
-0.435052 -0.121925  0.301952 -0.093046  0.438332 
--------------------------------------------------

***** Testing pooling layer ******
*** Step 1: init pooling layer ***
Pooling_(3,10,10)_2

*** Step 2: forward ***
Output:
 1.406521  0.263635  0.344225  0.265875  1.851820 
 1.107047  2.717725  1.186055  0.583691  2.218442 
 1.849419  1.125110  0.721094  1.992636  2.784433 
 1.017499  0.744275  1.113919  1.693563  0.156303 
 0.795508  0.404823  1.295541  1.179761  0.707451 

 2.606242  1.340011  0.432949  0.401854  1.111728 
 1.443935  1.221328  1.488310  0.806319  1.707646 
 0.930304  0.298547  0.366170  1.433912 -0.056609 
 0.577705  0.971425  0.886812  1.000490  0.892898 
 0.144880  0.944676  2.266681  1.133306  0.914043 

 2.064813  1.064527  1.255715  1.620641  1.564479 
 1.924120  0.931869  0.670464  0.409790  1.265192 
 2.034612  1.835618  0.919383  1.229454  1.330942 
 0.929643  1.218556  0.750494  1.408361 -0.387720 
 1.845877  2.734047  1.979915  1.704670  1.427045 


Loss:
-0.413560 -0.790919  0.064311 -0.028345  1.249347 
 0.855232 -0.963953  1.594430  0.194541  0.456327 
-0.813767 -0.477070  0.044941  0.626787  1.205962 
 0.032601  0.947238 -0.788030  1.387828  0.178288 
 0.169198  0.803360  1.018447  0.117517  0.403086 

-1.062280 -0.862811  0.149479  1.329572 -1.756182 
-0.496217 -0.419921 -0.810788  0.721124  1.257966 
-0.348104 -0.727287 -0.339986 -0.186882  0.818153 
-0.459244 -0.722060 -2.277009  0.368466  0.181972 
 0.139206 -1.327358  0.893024 -0.072832 -1.533613 

 1.072273  0.798542  1.367739  0.312440  0.649472 
-0.371304 -0.910681 -0.609879 -0.193420 -0.523100 
-1.969443 -0.988189  0.971466  0.926167 -0.274334 
 0.488177  0.690848  0.514631  0.644095 -0.801537 
-1.865232 -0.393471 -0.902813  1.991170  2.069277 

*** Step 3: backward ***
Back-prop delta:
 0.000000  0.000000  0.000000  0.000000  0.000000  0.064311  0.000000  0.000000  1.249347  0.000000 
 0.000000 -0.413560 -0.790919  0.000000  0.000000  0.000000  0.000000 -0.028345  0.000000  0.000000 
 0.855232  0.000000  0.000000 -0.963953  1.594430  0.000000  0.194541  0.000000  0.000000  0.000000 
 0.000000  0.000000  0.000000  0.000000  0.000000  0.000000  0.000000  0.000000  0.456327  0.000000 
 0.000000  0.000000  0.000000 -0.477070  0.044941  0.000000  0.000000  0.000000  0.000000  1.205962 
-0.813767  0.000000  0.000000  0.000000  0.000000  0.000000  0.626787  0.000000  0.000000  0.000000 
 0.000000  0.000000  0.947238  0.000000 -0.788030  0.000000  1.387828  0.000000  0.000000  0.178288 
 0.032601  0.000000  0.000000  0.000000  0.000000  0.000000  0.000000  0.000000  0.000000  0.000000 
 0.169198  0.000000  0.803360  0.000000  1.018447  0.000000  0.000000  0.000000  0.000000  0.403086 
 0.000000  0.000000  0.000000  0.000000  0.000000  0.000000  0.117517  0.000000  0.000000  0.000000 

-1.062280  0.000000 -0.862811  0.000000  0.000000  0.149479  1.329572  0.000000  0.000000 -1.756182 
 0.000000  0.000000  0.000000  0.000000  0.000000  0.000000  0.000000  0.000000  0.000000  0.000000 
 0.000000  0.000000  0.000000  0.000000  0.000000 -0.810788  0.000000  0.000000  0.000000  1.257966 
 0.000000 -0.496217  0.000000 -0.419921  0.000000  0.000000  0.721124  0.000000  0.000000  0.000000 
 0.000000  0.000000 -0.727287  0.000000  0.000000  0.000000  0.000000 -0.186882  0.000000  0.818153 
 0.000000 -0.348104  0.000000  0.000000 -0.339986  0.000000  0.000000  0.000000  0.000000  0.000000 
 0.000000 -0.459244  0.000000  0.000000  0.000000 -2.277009  0.368466  0.000000  0.181972  0.000000 
 0.000000  0.000000 -0.722060  0.000000  0.000000  0.000000  0.000000  0.000000  0.000000  0.000000 
 0.000000  0.000000 -1.327358  0.000000  0.000000  0.893024  0.000000  0.000000  0.000000  0.000000 
 0.139206  0.000000  0.000000  0.000000  0.000000  0.000000  0.000000 -0.072832 -1.533613  0.000000 

 0.000000  0.000000  0.000000  0.798542  0.000000  0.000000  0.000000  0.000000  0.000000  0.649472 
 0.000000  1.072273  0.000000  0.000000  1.367739  0.000000  0.312440  0.000000  0.000000  0.000000 
 0.000000  0.000000  0.000000  0.000000  0.000000  0.000000  0.000000 -0.193420  0.000000  0.000000 
 0.000000 -0.371304 -0.910681  0.000000 -0.609879  0.000000  0.000000  0.000000  0.000000 -0.523100 
-1.969443  0.000000 -0.988189  0.000000  0.000000  0.000000  0.000000  0.926167 -0.274334  0.000000 
 0.000000  0.000000  0.000000  0.000000  0.971466  0.000000  0.000000  0.000000  0.000000  0.000000 
 0.000000  0.000000  0.000000  0.000000  0.000000  0.000000  0.000000  0.000000  0.000000  0.000000 
 0.488177  0.000000  0.690848  0.000000  0.514631  0.000000  0.644095  0.000000 -0.801537  0.000000 
 0.000000  0.000000  0.000000  0.000000  0.000000  0.000000  0.000000  0.000000  2.069277  0.000000 
-1.865232  0.000000 -0.393471  0.000000  0.000000 -0.902813  1.991170  0.000000  0.000000  0.000000 

****** Testing dense layer ******
*** Step 1: init dense layer ***
Dense_3_10:
--------------- w ---------------
| -0.319409  1.196999  0.188475 |
|  0.004681  0.760307  0.905668 |
| -0.213960 -0.586963 -0.188701 |
| -0.166084  0.558356  0.792314 |
|  0.691525  0.492401  0.595360 |
|  0.863599  0.590012 -0.792115 |
| -0.356766  0.880109 -0.067163 |
|  0.269768 -0.331666 -0.300474 |
|  0.315216  0.272904  0.129069 |
| -0.305818 -0.552132  0.308076 |
---------------------------------
-------------------------------------------------- b --------------------------------------------------
|  0.000000  0.000000  0.000000  0.000000  0.000000  0.000000  0.000000  0.000000  0.000000  0.000000 |
-------------------------------------------------------------------------------------------------------

*** Step 2: forward ***
Output:  1.009537  0.335107 -0.584044  0.122105  0.465082  1.302212  0.797641 -0.092565  0.330517 -0.823840 

Loss:  0.458314  1.278463 -0.801886 -1.019576 -0.331396  2.425709 -0.793356 -1.408491 -0.341100 -0.307027 

*** Step 3: backward ***
Back-prop delta:  1.955624  2.535376 -1.193116 

Dense_3_10:
--------------- w ---------------
| -0.336207  1.150354  0.210763 |
| -0.042176  0.630190  0.967839 |
| -0.184569 -0.505350 -0.227696 |
| -0.128715  0.662125  0.742732 |
|  0.703671  0.526130  0.579245 |
|  0.774693  0.343133 -0.674154 |
| -0.327689  0.960854 -0.105744 |
|  0.321391 -0.188316 -0.368968 |
|  0.327718  0.307620  0.112481 |
| -0.294565 -0.520884  0.293146 |
---------------------------------
-------------------------------------------------- b --------------------------------------------------
| -0.045831 -0.127846  0.080189  0.101958  0.033140 -0.242571  0.079336  0.140849  0.034110  0.030703 |
-------------------------------------------------------------------------------------------------------

