Input:
 1.000000  1.000000  1.000000  1.000000  1.000000  1.000000  1.000000  1.000000  1.000000  1.000000 
 1.000000  1.000000  1.000000  1.000000  1.000000  1.000000  1.000000  1.000000  1.000000  1.000000 
 1.000000  1.000000  1.000000  1.000000  1.000000  1.000000  1.000000  1.000000  1.000000  1.000000 
 1.000000  1.000000  1.000000  1.000000  1.000000  1.000000  1.000000  1.000000  1.000000  1.000000 
 1.000000  1.000000  1.000000  1.000000  1.000000  1.000000  1.000000  1.000000  1.000000  1.000000 
 1.000000  1.000000  1.000000  1.000000  1.000000  1.000000  1.000000  1.000000  1.000000  1.000000 
 1.000000  1.000000  1.000000  1.000000  1.000000  1.000000  1.000000  1.000000  1.000000  1.000000 
 1.000000  1.000000  1.000000  1.000000  1.000000  1.000000  1.000000  1.000000  1.000000  1.000000 
 1.000000  1.000000  1.000000  1.000000  1.000000  1.000000  1.000000  1.000000  1.000000  1.000000 
 1.000000  1.000000  1.000000  1.000000  1.000000  1.000000  1.000000  1.000000  1.000000  1.000000 

 1.000000  1.000000  1.000000  1.000000  1.000000  1.000000  1.000000  1.000000  1.000000  1.000000 
 1.000000  1.000000  1.000000  1.000000  1.000000  1.000000  1.000000  1.000000  1.000000  1.000000 
 1.000000  1.000000  1.000000  1.000000  1.000000  1.000000  1.000000  1.000000  1.000000  1.000000 
 1.000000  1.000000  1.000000  1.000000  1.000000  1.000000  1.000000  1.000000  1.000000  1.000000 
 1.000000  1.000000  1.000000  1.000000  1.000000  1.000000  1.000000  1.000000  1.000000  1.000000 
 1.000000  1.000000  1.000000  1.000000  1.000000  1.000000  1.000000  1.000000  1.000000  1.000000 
 1.000000  1.000000  1.000000  1.000000  1.000000  1.000000  1.000000  1.000000  1.000000  1.000000 
 1.000000  1.000000  1.000000  1.000000  1.000000  1.000000  1.000000  1.000000  1.000000  1.000000 
 1.000000  1.000000  1.000000  1.000000  1.000000  1.000000  1.000000  1.000000  1.000000  1.000000 
 1.000000  1.000000  1.000000  1.000000  1.000000  1.000000  1.000000  1.000000  1.000000  1.000000 

 1.000000  1.000000  1.000000  1.000000  1.000000  1.000000  1.000000  1.000000  1.000000  1.000000 
 1.000000  1.000000  1.000000  1.000000  1.000000  1.000000  1.000000  1.000000  1.000000  1.000000 
 1.000000  1.000000  1.000000  1.000000  1.000000  1.000000  1.000000  1.000000  1.000000  1.000000 
 1.000000  1.000000  1.000000  1.000000  1.000000  1.000000  1.000000  1.000000  1.000000  1.000000 
 1.000000  1.000000  1.000000  1.000000  1.000000  1.000000  1.000000  1.000000  1.000000  1.000000 
 1.000000  1.000000  1.000000  1.000000  1.000000  1.000000  1.000000  1.000000  1.000000  1.000000 
 1.000000  1.000000  1.000000  1.000000  1.000000  1.000000  1.000000  1.000000  1.000000  1.000000 
 1.000000  1.000000  1.000000  1.000000  1.000000  1.000000  1.000000  1.000000  1.000000  1.000000 
 1.000000  1.000000  1.000000  1.000000  1.000000  1.000000  1.000000  1.000000  1.000000  1.000000 
 1.000000  1.000000  1.000000  1.000000  1.000000  1.000000  1.000000  1.000000  1.000000  1.000000 

***** Testing conv layer ******
*** Step 1: init conv layer ***
Conv_i(3,10,10)_o(5,6,6)_k3_s2_p2:
------------- w -------------
w0:
 1.000000  1.000000  1.000000 
 1.000000  1.000000  1.000000 
 1.000000  1.000000  1.000000 

 1.000000  1.000000  1.000000 
 1.000000  1.000000  1.000000 
 1.000000  1.000000  1.000000 

 1.000000  1.000000  1.000000 
 1.000000  1.000000  1.000000 
 1.000000  1.000000  1.000000 

w1:
 1.000000  1.000000  1.000000 
 1.000000  1.000000  1.000000 
 1.000000  1.000000  1.000000 

 1.000000  1.000000  1.000000 
 1.000000  1.000000  1.000000 
 1.000000  1.000000  1.000000 

 1.000000  1.000000  1.000000 
 1.000000  1.000000  1.000000 
 1.000000  1.000000  1.000000 

w2:
 1.000000  1.000000  1.000000 
 1.000000  1.000000  1.000000 
 1.000000  1.000000  1.000000 

 1.000000  1.000000  1.000000 
 1.000000  1.000000  1.000000 
 1.000000  1.000000  1.000000 

 1.000000  1.000000  1.000000 
 1.000000  1.000000  1.000000 
 1.000000  1.000000  1.000000 

w3:
 1.000000  1.000000  1.000000 
 1.000000  1.000000  1.000000 
 1.000000  1.000000  1.000000 

 1.000000  1.000000  1.000000 
 1.000000  1.000000  1.000000 
 1.000000  1.000000  1.000000 

 1.000000  1.000000  1.000000 
 1.000000  1.000000  1.000000 
 1.000000  1.000000  1.000000 

w4:
 1.000000  1.000000  1.000000 
 1.000000  1.000000  1.000000 
 1.000000  1.000000  1.000000 

 1.000000  1.000000  1.000000 
 1.000000  1.000000  1.000000 
 1.000000  1.000000  1.000000 

 1.000000  1.000000  1.000000 
 1.000000  1.000000  1.000000 
 1.000000  1.000000  1.000000 

----------------------- b -----------------------
 0.000000  0.000000  0.000000  0.000000  0.000000 
--------------------------------------------------

*** Step 2: forward ***
Output:
 3.000000  9.000000  9.000000  9.000000  9.000000  6.000000 
 9.000000 27.000000 27.000000 27.000000 27.000000 18.000000 
 9.000000 27.000000 27.000000 27.000000 27.000000 18.000000 
 9.000000 27.000000 27.000000 27.000000 27.000000 18.000000 
 9.000000 27.000000 27.000000 27.000000 27.000000 18.000000 
 6.000000 18.000000 18.000000 18.000000 18.000000 12.000000 

 3.000000  9.000000  9.000000  9.000000  9.000000  6.000000 
 9.000000 27.000000 27.000000 27.000000 27.000000 18.000000 
 9.000000 27.000000 27.000000 27.000000 27.000000 18.000000 
 9.000000 27.000000 27.000000 27.000000 27.000000 18.000000 
 9.000000 27.000000 27.000000 27.000000 27.000000 18.000000 
 6.000000 18.000000 18.000000 18.000000 18.000000 12.000000 

 3.000000  9.000000  9.000000  9.000000  9.000000  6.000000 
 9.000000 27.000000 27.000000 27.000000 27.000000 18.000000 
 9.000000 27.000000 27.000000 27.000000 27.000000 18.000000 
 9.000000 27.000000 27.000000 27.000000 27.000000 18.000000 
 9.000000 27.000000 27.000000 27.000000 27.000000 18.000000 
 6.000000 18.000000 18.000000 18.000000 18.000000 12.000000 

 3.000000  9.000000  9.000000  9.000000  9.000000  6.000000 
 9.000000 27.000000 27.000000 27.000000 27.000000 18.000000 
 9.000000 27.000000 27.000000 27.000000 27.000000 18.000000 
 9.000000 27.000000 27.000000 27.000000 27.000000 18.000000 
 9.000000 27.000000 27.000000 27.000000 27.000000 18.000000 
 6.000000 18.000000 18.000000 18.000000 18.000000 12.000000 

 3.000000  9.000000  9.000000  9.000000  9.000000  6.000000 
 9.000000 27.000000 27.000000 27.000000 27.000000 18.000000 
 9.000000 27.000000 27.000000 27.000000 27.000000 18.000000 
 9.000000 27.000000 27.000000 27.000000 27.000000 18.000000 
 9.000000 27.000000 27.000000 27.000000 27.000000 18.000000 
 6.000000 18.000000 18.000000 18.000000 18.000000 12.000000 


Loss:
 2.000000  2.000000  2.000000  2.000000  2.000000  2.000000 
 2.000000  2.000000  2.000000  2.000000  2.000000  2.000000 
 2.000000  2.000000  2.000000  2.000000  2.000000  2.000000 
 2.000000  2.000000  2.000000  2.000000  2.000000  2.000000 
 2.000000  2.000000  2.000000  2.000000  2.000000  2.000000 
 2.000000  2.000000  2.000000  2.000000  2.000000  2.000000 

 2.000000  2.000000  2.000000  2.000000  2.000000  2.000000 
 2.000000  2.000000  2.000000  2.000000  2.000000  2.000000 
 2.000000  2.000000  2.000000  2.000000  2.000000  2.000000 
 2.000000  2.000000  2.000000  2.000000  2.000000  2.000000 
 2.000000  2.000000  2.000000  2.000000  2.000000  2.000000 
 2.000000  2.000000  2.000000  2.000000  2.000000  2.000000 

 2.000000  2.000000  2.000000  2.000000  2.000000  2.000000 
 2.000000  2.000000  2.000000  2.000000  2.000000  2.000000 
 2.000000  2.000000  2.000000  2.000000  2.000000  2.000000 
 2.000000  2.000000  2.000000  2.000000  2.000000  2.000000 
 2.000000  2.000000  2.000000  2.000000  2.000000  2.000000 
 2.000000  2.000000  2.000000  2.000000  2.000000  2.000000 

 2.000000  2.000000  2.000000  2.000000  2.000000  2.000000 
 2.000000  2.000000  2.000000  2.000000  2.000000  2.000000 
 2.000000  2.000000  2.000000  2.000000  2.000000  2.000000 
 2.000000  2.000000  2.000000  2.000000  2.000000  2.000000 
 2.000000  2.000000  2.000000  2.000000  2.000000  2.000000 
 2.000000  2.000000  2.000000  2.000000  2.000000  2.000000 

 2.000000  2.000000  2.000000  2.000000  2.000000  2.000000 
 2.000000  2.000000  2.000000  2.000000  2.000000  2.000000 
 2.000000  2.000000  2.000000  2.000000  2.000000  2.000000 
 2.000000  2.000000  2.000000  2.000000  2.000000  2.000000 
 2.000000  2.000000  2.000000  2.000000  2.000000  2.000000 
 2.000000  2.000000  2.000000  2.000000  2.000000  2.000000 

*** Step 3: backward ***
Back-prop delta:
40.000000 20.000000 40.000000 20.000000 40.000000 20.000000 40.000000 20.000000 40.000000 20.000000 
20.000000 10.000000 20.000000 10.000000 20.000000 10.000000 20.000000 10.000000 20.000000 10.000000 
40.000000 20.000000 40.000000 20.000000 40.000000 20.000000 40.000000 20.000000 40.000000 20.000000 
20.000000 10.000000 20.000000 10.000000 20.000000 10.000000 20.000000 10.000000 20.000000 10.000000 
40.000000 20.000000 40.000000 20.000000 40.000000 20.000000 40.000000 20.000000 40.000000 20.000000 
20.000000 10.000000 20.000000 10.000000 20.000000 10.000000 20.000000 10.000000 20.000000 10.000000 
40.000000 20.000000 40.000000 20.000000 40.000000 20.000000 40.000000 20.000000 40.000000 20.000000 
20.000000 10.000000 20.000000 10.000000 20.000000 10.000000 20.000000 10.000000 20.000000 10.000000 
40.000000 20.000000 40.000000 20.000000 40.000000 20.000000 40.000000 20.000000 40.000000 20.000000 
20.000000 10.000000 20.000000 10.000000 20.000000 10.000000 20.000000 10.000000 20.000000 10.000000 

40.000000 20.000000 40.000000 20.000000 40.000000 20.000000 40.000000 20.000000 40.000000 20.000000 
20.000000 10.000000 20.000000 10.000000 20.000000 10.000000 20.000000 10.000000 20.000000 10.000000 
40.000000 20.000000 40.000000 20.000000 40.000000 20.000000 40.000000 20.000000 40.000000 20.000000 
20.000000 10.000000 20.000000 10.000000 20.000000 10.000000 20.000000 10.000000 20.000000 10.000000 
40.000000 20.000000 40.000000 20.000000 40.000000 20.000000 40.000000 20.000000 40.000000 20.000000 
20.000000 10.000000 20.000000 10.000000 20.000000 10.000000 20.000000 10.000000 20.000000 10.000000 
40.000000 20.000000 40.000000 20.000000 40.000000 20.000000 40.000000 20.000000 40.000000 20.000000 
20.000000 10.000000 20.000000 10.000000 20.000000 10.000000 20.000000 10.000000 20.000000 10.000000 
40.000000 20.000000 40.000000 20.000000 40.000000 20.000000 40.000000 20.000000 40.000000 20.000000 
20.000000 10.000000 20.000000 10.000000 20.000000 10.000000 20.000000 10.000000 20.000000 10.000000 

40.000000 20.000000 40.000000 20.000000 40.000000 20.000000 40.000000 20.000000 40.000000 20.000000 
20.000000 10.000000 20.000000 10.000000 20.000000 10.000000 20.000000 10.000000 20.000000 10.000000 
40.000000 20.000000 40.000000 20.000000 40.000000 20.000000 40.000000 20.000000 40.000000 20.000000 
20.000000 10.000000 20.000000 10.000000 20.000000 10.000000 20.000000 10.000000 20.000000 10.000000 
40.000000 20.000000 40.000000 20.000000 40.000000 20.000000 40.000000 20.000000 40.000000 20.000000 
20.000000 10.000000 20.000000 10.000000 20.000000 10.000000 20.000000 10.000000 20.000000 10.000000 
40.000000 20.000000 40.000000 20.000000 40.000000 20.000000 40.000000 20.000000 40.000000 20.000000 
20.000000 10.000000 20.000000 10.000000 20.000000 10.000000 20.000000 10.000000 20.000000 10.000000 
40.000000 20.000000 40.000000 20.000000 40.000000 20.000000 40.000000 20.000000 40.000000 20.000000 
20.000000 10.000000 20.000000 10.000000 20.000000 10.000000 20.000000 10.000000 20.000000 10.000000 

Conv_i(3,10,10)_o(5,6,6)_k3_s2_p2:
------------- w -------------
w0:
-4.000000 -4.000000 -4.000000 
-4.000000 -4.000000 -4.000000 
-4.000000 -4.000000 -4.000000 

-4.000000 -4.000000 -4.000000 
-4.000000 -4.000000 -4.000000 
-4.000000 -4.000000 -4.000000 

-4.000000 -4.000000 -4.000000 
-4.000000 -4.000000 -4.000000 
-4.000000 -4.000000 -4.000000 

w1:
-4.000000 -4.000000 -4.000000 
-4.000000 -4.000000 -4.000000 
-4.000000 -4.000000 -4.000000 

-4.000000 -4.000000 -4.000000 
-4.000000 -4.000000 -4.000000 
-4.000000 -4.000000 -4.000000 

-4.000000 -4.000000 -4.000000 
-4.000000 -4.000000 -4.000000 
-4.000000 -4.000000 -4.000000 

w2:
-4.000000 -4.000000 -4.000000 
-4.000000 -4.000000 -4.000000 
-4.000000 -4.000000 -4.000000 

-4.000000 -4.000000 -4.000000 
-4.000000 -4.000000 -4.000000 
-4.000000 -4.000000 -4.000000 

-4.000000 -4.000000 -4.000000 
-4.000000 -4.000000 -4.000000 
-4.000000 -4.000000 -4.000000 

w3:
-4.000000 -4.000000 -4.000000 
-4.000000 -4.000000 -4.000000 
-4.000000 -4.000000 -4.000000 

-4.000000 -4.000000 -4.000000 
-4.000000 -4.000000 -4.000000 
-4.000000 -4.000000 -4.000000 

-4.000000 -4.000000 -4.000000 
-4.000000 -4.000000 -4.000000 
-4.000000 -4.000000 -4.000000 

w4:
-4.000000 -4.000000 -4.000000 
-4.000000 -4.000000 -4.000000 
-4.000000 -4.000000 -4.000000 

-4.000000 -4.000000 -4.000000 
-4.000000 -4.000000 -4.000000 
-4.000000 -4.000000 -4.000000 

-4.000000 -4.000000 -4.000000 
-4.000000 -4.000000 -4.000000 
-4.000000 -4.000000 -4.000000 

----------------------- b -----------------------
-7.200000 -7.200000 -7.200000 -7.200000 -7.200000 
--------------------------------------------------

***** Testing pooling layer ******
*** Step 1: init pooling layer ***
Pooling_(3,10,10)_2

*** Step 2: forward ***
Output:
 1.000000  1.000000  1.000000  1.000000  1.000000 
 1.000000  1.000000  1.000000  1.000000  1.000000 
 1.000000  1.000000  1.000000  1.000000  1.000000 
 1.000000  1.000000  1.000000  1.000000  1.000000 
 1.000000  1.000000  1.000000  1.000000  1.000000 

 1.000000  1.000000  1.000000  1.000000  1.000000 
 1.000000  1.000000  1.000000  1.000000  1.000000 
 1.000000  1.000000  1.000000  1.000000  1.000000 
 1.000000  1.000000  1.000000  1.000000  1.000000 
 1.000000  1.000000  1.000000  1.000000  1.000000 

 1.000000  1.000000  1.000000  1.000000  1.000000 
 1.000000  1.000000  1.000000  1.000000  1.000000 
 1.000000  1.000000  1.000000  1.000000  1.000000 
 1.000000  1.000000  1.000000  1.000000  1.000000 
 1.000000  1.000000  1.000000  1.000000  1.000000 


Loss:
 2.000000  2.000000  2.000000  2.000000  2.000000 
 2.000000  2.000000  2.000000  2.000000  2.000000 
 2.000000  2.000000  2.000000  2.000000  2.000000 
 2.000000  2.000000  2.000000  2.000000  2.000000 
 2.000000  2.000000  2.000000  2.000000  2.000000 

 2.000000  2.000000  2.000000  2.000000  2.000000 
 2.000000  2.000000  2.000000  2.000000  2.000000 
 2.000000  2.000000  2.000000  2.000000  2.000000 
 2.000000  2.000000  2.000000  2.000000  2.000000 
 2.000000  2.000000  2.000000  2.000000  2.000000 

 2.000000  2.000000  2.000000  2.000000  2.000000 
 2.000000  2.000000  2.000000  2.000000  2.000000 
 2.000000  2.000000  2.000000  2.000000  2.000000 
 2.000000  2.000000  2.000000  2.000000  2.000000 
 2.000000  2.000000  2.000000  2.000000  2.000000 

*** Step 3: backward ***
Back-prop delta:
 2.000000  0.000000  2.000000  0.000000  2.000000  0.000000  2.000000  0.000000  2.000000  0.000000 
 0.000000  0.000000  0.000000  0.000000  0.000000  0.000000  0.000000  0.000000  0.000000  0.000000 
 2.000000  0.000000  2.000000  0.000000  2.000000  0.000000  2.000000  0.000000  2.000000  0.000000 
 0.000000  0.000000  0.000000  0.000000  0.000000  0.000000  0.000000  0.000000  0.000000  0.000000 
 2.000000  0.000000  2.000000  0.000000  2.000000  0.000000  2.000000  0.000000  2.000000  0.000000 
 0.000000  0.000000  0.000000  0.000000  0.000000  0.000000  0.000000  0.000000  0.000000  0.000000 
 2.000000  0.000000  2.000000  0.000000  2.000000  0.000000  2.000000  0.000000  2.000000  0.000000 
 0.000000  0.000000  0.000000  0.000000  0.000000  0.000000  0.000000  0.000000  0.000000  0.000000 
 2.000000  0.000000  2.000000  0.000000  2.000000  0.000000  2.000000  0.000000  2.000000  0.000000 
 0.000000  0.000000  0.000000  0.000000  0.000000  0.000000  0.000000  0.000000  0.000000  0.000000 

 2.000000  0.000000  2.000000  0.000000  2.000000  0.000000  2.000000  0.000000  2.000000  0.000000 
 0.000000  0.000000  0.000000  0.000000  0.000000  0.000000  0.000000  0.000000  0.000000  0.000000 
 2.000000  0.000000  2.000000  0.000000  2.000000  0.000000  2.000000  0.000000  2.000000  0.000000 
 0.000000  0.000000  0.000000  0.000000  0.000000  0.000000  0.000000  0.000000  0.000000  0.000000 
 2.000000  0.000000  2.000000  0.000000  2.000000  0.000000  2.000000  0.000000  2.000000  0.000000 
 0.000000  0.000000  0.000000  0.000000  0.000000  0.000000  0.000000  0.000000  0.000000  0.000000 
 2.000000  0.000000  2.000000  0.000000  2.000000  0.000000  2.000000  0.000000  2.000000  0.000000 
 0.000000  0.000000  0.000000  0.000000  0.000000  0.000000  0.000000  0.000000  0.000000  0.000000 
 2.000000  0.000000  2.000000  0.000000  2.000000  0.000000  2.000000  0.000000  2.000000  0.000000 
 0.000000  0.000000  0.000000  0.000000  0.000000  0.000000  0.000000  0.000000  0.000000  0.000000 

 2.000000  0.000000  2.000000  0.000000  2.000000  0.000000  2.000000  0.000000  2.000000  0.000000 
 0.000000  0.000000  0.000000  0.000000  0.000000  0.000000  0.000000  0.000000  0.000000  0.000000 
 2.000000  0.000000  2.000000  0.000000  2.000000  0.000000  2.000000  0.000000  2.000000  0.000000 
 0.000000  0.000000  0.000000  0.000000  0.000000  0.000000  0.000000  0.000000  0.000000  0.000000 
 2.000000  0.000000  2.000000  0.000000  2.000000  0.000000  2.000000  0.000000  2.000000  0.000000 
 0.000000  0.000000  0.000000  0.000000  0.000000  0.000000  0.000000  0.000000  0.000000  0.000000 
 2.000000  0.000000  2.000000  0.000000  2.000000  0.000000  2.000000  0.000000  2.000000  0.000000 
 0.000000  0.000000  0.000000  0.000000  0.000000  0.000000  0.000000  0.000000  0.000000  0.000000 
 2.000000  0.000000  2.000000  0.000000  2.000000  0.000000  2.000000  0.000000  2.000000  0.000000 
 0.000000  0.000000  0.000000  0.000000  0.000000  0.000000  0.000000  0.000000  0.000000  0.000000 

****** Testing dense layer ******
*** Step 1: init dense layer ***
Dense_3_10:
--------------- w ---------------
|  1.000000  1.000000  1.000000 |
|  1.000000  1.000000  1.000000 |
|  1.000000  1.000000  1.000000 |
|  1.000000  1.000000  1.000000 |
|  1.000000  1.000000  1.000000 |
|  1.000000  1.000000  1.000000 |
|  1.000000  1.000000  1.000000 |
|  1.000000  1.000000  1.000000 |
|  1.000000  1.000000  1.000000 |
|  1.000000  1.000000  1.000000 |
---------------------------------
-------------------------------------------------- b --------------------------------------------------
|  0.000000  0.000000  0.000000  0.000000  0.000000  0.000000  0.000000  0.000000  0.000000  0.000000 |
-------------------------------------------------------------------------------------------------------

*** Step 2: forward ***
Output:  3.000000  3.000000  3.000000  3.000000  3.000000  3.000000  3.000000  3.000000  3.000000  3.000000 

Loss:  2.000000  2.000000  2.000000  2.000000  2.000000  2.000000  2.000000  2.000000  2.000000  2.000000 

*** Step 3: backward ***
Back-prop delta: 20.000000 20.000000 20.000000 

Dense_3_10:
--------------- w ---------------
|  0.800000  0.800000  0.800000 |
|  0.800000  0.800000  0.800000 |
|  0.800000  0.800000  0.800000 |
|  0.800000  0.800000  0.800000 |
|  0.800000  0.800000  0.800000 |
|  0.800000  0.800000  0.800000 |
|  0.800000  0.800000  0.800000 |
|  0.800000  0.800000  0.800000 |
|  0.800000  0.800000  0.800000 |
|  0.800000  0.800000  0.800000 |
---------------------------------
-------------------------------------------------- b --------------------------------------------------
| -0.200000 -0.200000 -0.200000 -0.200000 -0.200000 -0.200000 -0.200000 -0.200000 -0.200000 -0.200000 |
-------------------------------------------------------------------------------------------------------

